.====================================================================.
                                                                      
 .d8888b.   .o8888b.   db  .d8888b.  d8888b. d88888b d8888b.  .d888b. 
.8P    Y8. d8P    Y8   88 .8P    Y8. 88  `8D 88'     88  `8D .8P , Y8.
88      88 8P      oooo88 88      88 88oooY' 88oooo  88oobY' 88  |  88
88      88 8b      ~~~~88 88      88 88~~~b. 88~~~~  88`8b   88  |/ 88
`8b    d8' Y8b    d8   88 `8b    d8' 88   8D 88.     88 `88. `8b | d8'
 `Y8888P'   `Y8888P'   YP  `Y8888P'  Y8888P' Y88888P 88   YD  `Y888P' 
                                                                      
`========================== INSTALLATION LOG ========================'

[2016/10/03 09:59:37] Host: Darwin Mangaldeeps-MacBook-Air.local 15.6.0 Darwin Kernel Version 15.6.0: Thu Jun 23 18:25:34 PDT 2016; root:xnu-3248.60.10~1/RELEASE_X86_64 x86_64
[2016/10/03 09:59:37] PHP version: 7.0.10
[2016/10/03 09:59:37] Server software: Apache/2.2.31 (Unix) mod_wsgi/3.5 Python/2.7.12 PHP/7.0.10 mod_ssl/2.2.31 OpenSSL/1.0.2h DAV/2 mod_fastcgi/2.4.6 mod_perl/2.0.9 Perl/v5.24.0
[2016/10/03 09:59:37] Operating system: Darwin
[2016/10/03 09:59:37] Memory limit: 128M
[2016/10/03 09:59:37] Max execution time: 3600
.============================ POST REQUEST ==========================.
[2016/10/03 09:59:37] Postback payload: Array
(
    [code] => phpVersion
    [handler] => onCheckRequirement
)

[2016/10/03 09:59:37] System check: phpVersion
[2016/10/03 09:59:37] Requirement phpVersion +OK
[2016/10/03 09:59:37] Execute handler (onCheckRequirement): Array
(
    [result] => 1
)

.============================ POST REQUEST ==========================.
[2016/10/03 09:59:37] Postback payload: Array
(
    [code] => curlLibrary
    [handler] => onCheckRequirement
)

[2016/10/03 09:59:37] System check: curlLibrary
[2016/10/03 09:59:37] Requirement curlLibrary +OK
[2016/10/03 09:59:37] Execute handler (onCheckRequirement): Array
(
    [result] => 1
)

.============================ POST REQUEST ==========================.
[2016/10/03 09:59:38] Postback payload: Array
(
    [code] => liveConnection
    [handler] => onCheckRequirement
)

[2016/10/03 09:59:38] System check: liveConnection
[2016/10/03 09:59:39] Server request: ping
[2016/10/03 09:59:39] Request information: Array
(
    [url] => http://octobercms.com/api/ping
    [content_type] => application/json
    [http_code] => 200
    [header_size] => 775
    [request_size] => 161
    [filetime] => -1
    [ssl_verify_result] => 0
    [redirect_count] => 0
    [total_time] => 0.779343
    [namelookup_time] => 0.001927
    [connect_time] => 0.002244
    [pretransfer_time] => 0.002358
    [size_upload] => 30
    [size_download] => 14
    [speed_download] => 17
    [speed_upload] => 38
    [download_content_length] => 14
    [upload_content_length] => 30
    [starttransfer_time] => 0.779296
    [redirect_time] => 0
    [redirect_url] => 
    [primary_ip] => 127.0.0.1
    [certinfo] => Array
        (
        )

    [primary_port] => 5001
    [local_ip] => 127.0.0.1
    [local_port] => 53406
)

[2016/10/03 09:59:39] Requirement liveConnection +OK
[2016/10/03 09:59:39] Execute handler (onCheckRequirement): Array
(
    [result] => 1
)

.============================ POST REQUEST ==========================.
[2016/10/03 09:59:39] Postback payload: Array
(
    [code] => writePermission
    [handler] => onCheckRequirement
)

[2016/10/03 09:59:39] System check: writePermission
[2016/10/03 09:59:39] Requirement writePermission +OK
[2016/10/03 09:59:39] Execute handler (onCheckRequirement): Array
(
    [result] => 1
)

.============================ POST REQUEST ==========================.
[2016/10/03 09:59:40] Postback payload: Array
(
    [code] => pdoLibrary
    [handler] => onCheckRequirement
)

[2016/10/03 09:59:40] System check: pdoLibrary
[2016/10/03 09:59:40] Requirement pdoLibrary +OK
[2016/10/03 09:59:40] Execute handler (onCheckRequirement): Array
(
    [result] => 1
)

.============================ POST REQUEST ==========================.
[2016/10/03 09:59:40] Postback payload: Array
(
    [code] => mbstringLibrary
    [handler] => onCheckRequirement
)

[2016/10/03 09:59:40] System check: mbstringLibrary
[2016/10/03 09:59:40] Requirement mbstringLibrary +OK
[2016/10/03 09:59:40] Execute handler (onCheckRequirement): Array
(
    [result] => 1
)

.============================ POST REQUEST ==========================.
[2016/10/03 09:59:41] Postback payload: Array
(
    [code] => sslLibrary
    [handler] => onCheckRequirement
)

[2016/10/03 09:59:41] System check: sslLibrary
[2016/10/03 09:59:41] Requirement sslLibrary +OK
[2016/10/03 09:59:41] Execute handler (onCheckRequirement): Array
(
    [result] => 1
)

.============================ POST REQUEST ==========================.
[2016/10/03 09:59:41] Postback payload: Array
(
    [code] => zipLibrary
    [handler] => onCheckRequirement
)

[2016/10/03 09:59:41] System check: zipLibrary
[2016/10/03 09:59:41] Requirement zipLibrary +OK
[2016/10/03 09:59:41] Execute handler (onCheckRequirement): Array
(
    [result] => 1
)

.============================ POST REQUEST ==========================.
[2016/10/03 09:59:42] Postback payload: Array
(
    [code] => gdLibrary
    [handler] => onCheckRequirement
)

[2016/10/03 09:59:42] System check: gdLibrary
[2016/10/03 09:59:42] Requirement gdLibrary +OK
[2016/10/03 09:59:42] Execute handler (onCheckRequirement): Array
(
    [result] => 1
)

.============================ POST REQUEST ==========================.
[2016/10/03 10:00:24] Postback payload: Array
(
    [db_type] => mysql
    [db_host] => localhost
    [db_port] => 
    [db_name] => octcms
    [db_user] => root
    [db_pass] => *******
    [admin_first_name] => Admin
    [admin_last_name] => Person
    [admin_email] => *******@*****.com
    [admin_login] => admin
    [admin_password] => *******
    [admin_confirm_password] => *******
    [backend_uri] => /backend
    [encryption_code] => *******
    [file_mask] => 777
    [folder_mask] => 777
    [handler] => onValidateDatabase
)

[2016/10/03 10:00:24] Handler error (onValidateDatabase): Connection failed: SQLSTATE[HY000] [1049] Unknown database 'octcms'
[2016/10/03 10:00:24] Trace log:
#0 /Users/msandhu/octcms/install_files/php/Installer.php(48): Installer->onValidateDatabase()
#1 /Users/msandhu/octcms/install_files/php/boot.php(74): Installer->__construct()
#2 /Users/msandhu/octcms/install.php(1): include('/Users/msandhu/...')
#3 {main}
.============================ POST REQUEST ==========================.
[2016/10/03 10:02:11] Postback payload: Array
(
    [db_type] => mysql
    [db_host] => localhost
    [db_port] => 
    [db_name] => octcms
    [db_user] => root
    [db_pass] => *******
    [admin_first_name] => Admin
    [admin_last_name] => Person
    [admin_email] => *******@*****.com
    [admin_login] => admin
    [admin_password] => *******
    [admin_confirm_password] => *******
    [backend_uri] => /backend
    [encryption_code] => *******
    [file_mask] => 777
    [folder_mask] => 777
    [handler] => onValidateDatabase
)

.============================ POST REQUEST ==========================.
[2016/10/03 10:02:11] Postback payload: Array
(
    [db_type] => mysql
    [db_host] => localhost
    [db_port] => 
    [db_name] => octcms
    [db_user] => root
    [db_pass] => *******
    [admin_first_name] => Admin
    [admin_last_name] => Person
    [admin_email] => *******@*****.com
    [admin_login] => admin
    [admin_password] => *******
    [admin_confirm_password] => *******
    [backend_uri] => /backend
    [encryption_code] => *******
    [file_mask] => 777
    [folder_mask] => 777
    [handler] => onValidateAdminAccount
)

.============================ POST REQUEST ==========================.
[2016/10/03 10:02:11] Postback payload: Array
(
    [db_type] => mysql
    [db_host] => localhost
    [db_port] => 
    [db_name] => octcms
    [db_user] => root
    [db_pass] => *******
    [admin_first_name] => Admin
    [admin_last_name] => Person
    [admin_email] => *******@*****.com
    [admin_login] => admin
    [admin_password] => *******
    [admin_confirm_password] => *******
    [backend_uri] => /backend
    [encryption_code] => *******
    [file_mask] => 777
    [folder_mask] => 777
    [handler] => onValidateAdvancedConfig
)

.============================ POST REQUEST ==========================.
[2016/10/03 10:02:20] Postback payload: Array
(
    [handler] => onGetPopularThemes
)

[2016/10/03 10:02:21] Server request: theme/popular
[2016/10/03 10:02:21] Request information: Array
(
    [url] => http://octobercms.com/api/theme/popular
    [content_type] => application/json
    [http_code] => 200
    [header_size] => 775
    [request_size] => 170
    [filetime] => -1
    [ssl_verify_result] => 0
    [redirect_count] => 0
    [total_time] => 1.117523
    [namelookup_time] => 0.239462
    [connect_time] => 0.239697
    [pretransfer_time] => 0.239876
    [size_upload] => 30
    [size_download] => 1819
    [speed_download] => 1627
    [speed_upload] => 26
    [download_content_length] => 1819
    [upload_content_length] => 30
    [starttransfer_time] => 1.116254
    [redirect_time] => 0
    [redirect_url] => 
    [primary_ip] => 127.0.0.1
    [certinfo] => Array
        (
        )

    [primary_port] => 5001
    [local_ip] => 127.0.0.1
    [local_port] => 53432
)

[2016/10/03 10:02:21] Execute handler (onGetPopularThemes): Array
(
    [0] => Array
        (
            [name] => Relax
            [description] => A fictional site called House of Chairs that demonstrates how to build a client-friendly website.
            [code] => RainLab.Relax
            [updated_at] => 2015-07-01 19:16:08
            [image] => http://octobercms.com/storage/app/uploads/public/559/49e/2da/thumb_2585_210x140_0_0_crop.png
            [author] => RainLab
            [hash] => a35c64b09ad6347b8a226291e5b8fd75
            [demo_url] => 
            [product_url] => http://octobercms.com/theme/rainlab-relax
        )

    [1] => Array
        (
            [name] => Vanilla
            [description] => A plain starter template that implements account management, a blog and community forum.
            [code] => RainLab.Vanilla
            [updated_at] => 2015-04-14 16:37:36
            [image] => http://octobercms.com/storage/app/uploads/public/552/da4/0f8/thumb_2106_210x140_0_0_crop.png
            [author] => RainLab
            [hash] => 4b893d1c085a298e9b9b1d13635a675f
            [demo_url] => 
            [product_url] => http://octobercms.com/theme/rainlab-vanilla
        )

    [2] => Array
        (
            [name] => Squad
            [description] => Squad is a free Bootstrap template from BootstrapTaste for creatives, with a simple and modern layout.
            [code] => FabricioRabelo.Squad
            [updated_at] => 2015-03-13 03:12:19
            [image] => http://octobercms.com/storage/app/uploads/public/550/1dc/ab8/thumb_1856_210x140_0_0_crop.png
            [author] => Fabricio Rabelo
            [hash] => 51d8895eebb41014c40666339c9547a5
            [demo_url] => http://squad.fabriciorabelo.com
            [product_url] => http://octobercms.com/theme/fabriciorabelo-squad
        )

    [3] => Array
        (
            [name] => Flat UI
            [description] => A theme that uses a Flat user-interface and has no dependencies on others plugins.
            [code] => Responsiv.Flat
            [updated_at] => 2014-07-23 21:32:51
            [image] => http://octobercms.com/storage/app/uploads/public/53d/084/fbc/thumb_543_210x140_0_0_crop.png
            [author] => Responsiv Internet
            [hash] => 463117738421d4b358accaec12d252dd
            [demo_url] => 
            [product_url] => http://octobercms.com/theme/responsiv-flat
        )

)

.============================ POST REQUEST ==========================.
[2016/10/03 10:02:35] Postback payload: Array
(
    [name] => FabricioRabelo.Squad
    [handler] => onThemeDetails
)

[2016/10/03 10:02:36] Server request: theme/detail
[2016/10/03 10:02:36] Request information: Array
(
    [url] => http://octobercms.com/api/theme/detail
    [content_type] => application/json
    [http_code] => 200
    [header_size] => 772
    [request_size] => 195
    [filetime] => -1
    [ssl_verify_result] => 0
    [redirect_count] => 0
    [total_time] => 1.021885
    [namelookup_time] => 0.001484
    [connect_time] => 0.001709
    [pretransfer_time] => 0.001787
    [size_upload] => 56
    [size_download] => 511
    [speed_download] => 500
    [speed_upload] => 54
    [download_content_length] => 511
    [upload_content_length] => 56
    [starttransfer_time] => 1.02181
    [redirect_time] => 0
    [redirect_url] => 
    [primary_ip] => 127.0.0.1
    [certinfo] => Array
        (
        )

    [primary_port] => 5001
    [local_ip] => 127.0.0.1
    [local_port] => 53447
)

[2016/10/03 10:02:36] Execute handler (onThemeDetails): Array
(
    [name] => Squad
    [description] => Squad is a free Bootstrap template from BootstrapTaste for creatives, with a simple and modern layout.
    [code] => FabricioRabelo.Squad
    [updated_at] => 2015-03-13 03:12:19
    [image] => http://octobercms.com/storage/app/uploads/public/550/1dc/ab8/thumb_1856_210x140_0_0_crop.png
    [author] => Fabricio Rabelo
    [hash] => 51d8895eebb41014c40666339c9547a5
    [demo_url] => http://squad.fabriciorabelo.com
    [product_url] => http://octobercms.com/theme/fabriciorabelo-squad
    [require] => Array
        (
        )

)

.============================ POST REQUEST ==========================.
[2016/10/03 10:02:36] Postback payload: Array
(
    [step] => getMetaData
    [meta] => 
    [themes] => Array
        (
            [0] => Array
                (
                    [name] => Squad
                    [description] => Squad is a free Bootstrap template from BootstrapTaste for creatives, with a simple and modern layout.
                    [code] => FabricioRabelo.Squad
                    [updated_at] => 2015-03-13 03:12:19
                    [image] => http://octobercms.com/storage/app/uploads/public/550/1dc/ab8/thumb_1856_210x140_0_0_crop.png
                    [author] => Fabricio Rabelo
                    [hash] => 51d8895eebb41014c40666339c9547a5
                    [demo_url] => http://squad.fabriciorabelo.com
                    [product_url] => http://octobercms.com/theme/fabriciorabelo-squad
                )

        )

    [handler] => onInstallStep
)

[2016/10/03 10:02:36] Install step: getMetaData
[2016/10/03 10:02:38] Server request: core/install
[2016/10/03 10:02:38] Request information: Array
(
    [url] => http://octobercms.com/api/core/install
    [content_type] => application/json
    [http_code] => 200
    [header_size] => 778
    [request_size] => 204
    [filetime] => -1
    [ssl_verify_result] => 0
    [redirect_count] => 0
    [total_time] => 1.840849
    [namelookup_time] => 9.5E-5
    [connect_time] => 0.000349
    [pretransfer_time] => 0.000426
    [size_upload] => 65
    [size_download] => 191
    [speed_download] => 103
    [speed_upload] => 35
    [download_content_length] => 191
    [upload_content_length] => 65
    [starttransfer_time] => 1.840732
    [redirect_time] => 0
    [redirect_url] => 
    [primary_ip] => 127.0.0.1
    [certinfo] => Array
        (
        )

    [primary_port] => 5001
    [local_ip] => 127.0.0.1
    [local_port] => 53449
)

[2016/10/03 10:02:38] Step getMetaData +OK
[2016/10/03 10:02:38] Execute handler (onInstallStep): Array
(
    [result] => Array
        (
            [core] => Array
                (
                    [hash] => d8d567e2cf6a4e17ae1f41ea6e5e201b
                    [build] => 365
                    [uhash] => ce29cdb155c0bf15db178efc1a1c7095
                )

            [plugins] => Array
                (
                )

            [themes] => Array
                (
                    [FabricioRabelo.Squad] => 51d8895eebb41014c40666339c9547a5
                )

        )

)

.============================ POST REQUEST ==========================.
[2016/10/03 10:02:38] Postback payload: Array
(
    [step] => downloadCore
    [meta] => Array
        (
            [core] => Array
                (
                    [hash] => d8d567e2cf6a4e17ae1f41ea6e5e201b
                    [build] => 365
                    [uhash] => ce29cdb155c0bf15db178efc1a1c7095
                )

            [themes] => Array
                (
                    [FabricioRabelo.Squad] => 51d8895eebb41014c40666339c9547a5
                )

        )

    [handler] => onInstallStep
)

[2016/10/03 10:02:38] Install step: downloadCore
[2016/10/03 10:08:14] Saving to file (core): /Users/msandhu/octcms/install_files/temp/a74ad8dfacd4f985eb3977517615ce25.arc
[2016/10/03 10:08:14] Step downloadCore +OK
[2016/10/03 10:08:14] Execute handler (onInstallStep): Array
(
    [result] => 
)

.============================ POST REQUEST ==========================.
[2016/10/03 10:08:15] Postback payload: Array
(
    [step] => downloadTheme
    [meta] => Array
        (
            [core] => Array
                (
                    [hash] => d8d567e2cf6a4e17ae1f41ea6e5e201b
                    [build] => 365
                    [uhash] => ce29cdb155c0bf15db178efc1a1c7095
                )

            [themes] => Array
                (
                    [FabricioRabelo.Squad] => 51d8895eebb41014c40666339c9547a5
                )

        )

    [name] => FabricioRabelo.Squad
    [handler] => onInstallStep
)

[2016/10/03 10:08:15] Install step: downloadTheme
[2016/10/03 10:09:36] Saving to file (FabricioRabelo.Squad-theme): /Users/msandhu/octcms/install_files/temp/1ce3f3bd555f45cc4f7d2c52e1c9e143.arc
[2016/10/03 10:09:36] Step downloadTheme +OK
[2016/10/03 10:09:36] Execute handler (onInstallStep): Array
(
    [result] => 
)

.============================ POST REQUEST ==========================.
[2016/10/03 10:09:41] Postback payload: Array
(
    [step] => extractCore
    [meta] => Array
        (
            [core] => Array
                (
                    [hash] => d8d567e2cf6a4e17ae1f41ea6e5e201b
                    [build] => 365
                    [uhash] => ce29cdb155c0bf15db178efc1a1c7095
                )

            [themes] => Array
                (
                    [FabricioRabelo.Squad] => 51d8895eebb41014c40666339c9547a5
                )

        )

    [handler] => onInstallStep
)

[2016/10/03 10:09:41] Install step: extractCore
[2016/10/03 10:09:41] Extracting file (core): a74ad8dfacd4f985eb3977517615ce25.arc
[2016/10/03 10:09:43] Step extractCore +OK
[2016/10/03 10:09:43] Execute handler (onInstallStep): Array
(
    [result] => 1
)

.============================ POST REQUEST ==========================.
[2016/10/03 10:09:46] Postback payload: Array
(
    [step] => extractTheme
    [meta] => Array
        (
            [core] => Array
                (
                    [hash] => d8d567e2cf6a4e17ae1f41ea6e5e201b
                    [build] => 365
                    [uhash] => ce29cdb155c0bf15db178efc1a1c7095
                )

            [themes] => Array
                (
                    [FabricioRabelo.Squad] => 51d8895eebb41014c40666339c9547a5
                )

        )

    [name] => FabricioRabelo.Squad
    [handler] => onInstallStep
)

[2016/10/03 10:09:46] Install step: extractTheme
[2016/10/03 10:09:46] Extracting file (FabricioRabelo.Squad-theme): 1ce3f3bd555f45cc4f7d2c52e1c9e143.arc
[2016/10/03 10:09:47] Step extractTheme +OK
[2016/10/03 10:09:47] Execute handler (onInstallStep): Array
(
    [result] => 1
)

.============================ POST REQUEST ==========================.
[2016/10/03 10:09:53] Postback payload: Array
(
    [step] => setupConfig
    [meta] => Array
        (
            [core] => Array
                (
                    [hash] => d8d567e2cf6a4e17ae1f41ea6e5e201b
                    [build] => 365
                    [uhash] => ce29cdb155c0bf15db178efc1a1c7095
                )

            [themes] => Array
                (
                    [FabricioRabelo.Squad] => 51d8895eebb41014c40666339c9547a5
                )

        )

    [db_type] => mysql
    [db_host] => localhost
    [db_port] => 
    [db_name] => octcms
    [db_user] => root
    [db_pass] => *******
    [admin_first_name] => Admin
    [admin_last_name] => Person
    [admin_email] => *******@*****.com
    [admin_login] => admin
    [admin_password] => *******
    [admin_confirm_password] => *******
    [backend_uri] => /backend
    [encryption_code] => *******
    [file_mask] => 777
    [folder_mask] => 777
    [active_theme] => FabricioRabelo.Squad
    [handler] => onInstallStep
)

[2016/10/03 10:09:53] Install step: setupConfig
[2016/10/03 08:09:53] Step setupConfig +OK
[2016/10/03 08:09:53] Execute handler (onInstallStep): Array
(
    [result] => 
)

.============================ POST REQUEST ==========================.
[2016/10/03 10:09:59] Postback payload: Array
(
    [step] => createAdmin
    [meta] => Array
        (
            [core] => Array
                (
                    [hash] => d8d567e2cf6a4e17ae1f41ea6e5e201b
                    [build] => 365
                    [uhash] => ce29cdb155c0bf15db178efc1a1c7095
                )

            [themes] => Array
                (
                    [FabricioRabelo.Squad] => 51d8895eebb41014c40666339c9547a5
                )

        )

    [db_type] => mysql
    [db_host] => localhost
    [db_port] => 
    [db_name] => octcms
    [db_user] => root
    [db_pass] => *******
    [admin_first_name] => Admin
    [admin_last_name] => Person
    [admin_email] => *******@*****.com
    [admin_login] => admin
    [admin_password] => *******
    [admin_confirm_password] => *******
    [backend_uri] => /backend
    [encryption_code] => *******
    [file_mask] => 777
    [folder_mask] => 777
    [active_theme] => FabricioRabelo.Squad
    [handler] => onInstallStep
)

[2016/10/03 10:09:59] Install step: createAdmin
[2016/10/03 08:10:08] Step createAdmin +OK
[2016/10/03 08:10:08] Execute handler (onInstallStep): Array
(
    [result] => 
)

.============================ POST REQUEST ==========================.
[2016/10/03 10:10:10] Postback payload: Array
(
    [disableLog] => 1
)

[2016/10/03 10:10:10] Install step: setupProject
[2016/10/03 10:10:10] Step setupProject +OK
[2016/10/03 10:10:10] Execute handler (onInstallStep): Array
(
    [result] => 
)

.============================ POST REQUEST ==========================.
[2016/10/03 10:10:16] Postback payload: Array
(
    [step] => finishInstall
    [meta] => Array
        (
            [core] => Array
                (
                    [hash] => d8d567e2cf6a4e17ae1f41ea6e5e201b
                    [build] => 365
                    [uhash] => ce29cdb155c0bf15db178efc1a1c7095
                )

            [themes] => Array
                (
                    [FabricioRabelo.Squad] => 51d8895eebb41014c40666339c9547a5
                )

        )

    [hash] => d8d567e2cf6a4e17ae1f41ea6e5e201b
    [build] => 365
    [uhash] => ce29cdb155c0bf15db178efc1a1c7095
    [handler] => onInstallStep
)

[2016/10/03 10:10:16] Install step: finishInstall
[2016/10/03 08:10:17] Cleaning up file: 1ce3f3bd555f45cc4f7d2c52e1c9e143.arc
[2016/10/03 08:10:17] Cleaning up file: a74ad8dfacd4f985eb3977517615ce25.arc
[2016/10/03 08:10:17] Step finishInstall +OK
[2016/10/03 08:10:17] Execute handler (onInstallStep): Array
(
    [result] => 
)

